Arguments: 
  C:\Program Files\nodejs\node.exe C:\Users\qsmit\AppData\Roaming\npm\node_modules\yarn\bin\yarn.js add cheerio axios

PATH: 
  C:\Users\qsmit\bin;C:\Program Files\Git\mingw64\bin;C:\Program Files\Git\usr\local\bin;C:\Program Files\Git\usr\bin;C:\Program Files\Git\usr\bin;C:\Program Files\Git\mingw64\bin;C:\Program Files\Git\usr\bin;C:\Users\qsmit\bin;C:\Python310\Scripts;C:\Python310;C:\Program Files\Eclipse Foundation\jdk-8.0.302.8-hotspot\bin;C:\Program Files (x86)\Common Files\Oracle\Java\javapath;C:\Python39\Scripts;C:\Python39;C:\Program Files (x86)\Common Files\Intel\Shared Libraries\redist\intel64\compiler;C:\Program Files\Microsoft MPI\Bin;C:\Program Files (x86)\Intel\iCLS Client;C:\Program Files\Intel\iCLS Client;C:\WINDOWS\system32;C:\WINDOWS;C:\WINDOWS\System32\Wbem;C:\WINDOWS\System32\WindowsPowerShell\v1.0;C:\Program Files (x86)\Intel\Intel(R) Management Engine Components\DAL;C:\Program Files\Intel\Intel(R) Management Engine Components\DAL;C:\Program Files (x86)\Intel\Intel(R) Management Engine Components\IPT;C:\Program Files\Intel\Intel(R) Management Engine Components\IPT;C:\Program Files\dotnet;C:\Program Files\Microsoft SQL Server\130\Tools\Binn;C:\WINDOWS\System32\OpenSSH;C:\Program Files\MiKTeX 2.9\miktex\bin\x64;C:\Program Files\MATLAB\R2018a\runtime\win64;C:\Program Files\MATLAB\R2018a\bin;C:\Program Files\Intel\WiFi\bin;C:\Program Files\Common Files\Intel\WirelessCommon;C:\Program Files\Git\cmd;C:\Users\qsmit\AppData\Roaming\Microsoft\Windows\Start Menu\Programs\Python 3.8;C:\Users\qsmit\AppData\Roaming\Microsoft\Windows\Start Menu\Programs\Python 3.8\pip;C:\ProgramData\chocolatey\bin;C:\Program Files (x86)\IncrediBuild;C:\ProgramData\chocolatey\lib\gsudo\bin;C:\Program Files\Microsoft SQL Server\Client SDK\ODBC\170\Tools\Binn;C:\Users\qsmit\.poetry\bin;C:\Program Files\PuTTY;C:\Program Files\nodejs;C:\Users\qsmit\.poetry\bin;C:\Users\qsmit\AppData\Local\Microsoft\WindowsApps;C:\Users\qsmit\AppData\Local\Programs\MiKTeX 2.9\miktex\bin\x64;C:\src\flutter\bin;C:\Users\qsmit\AppData\Roaming\Microsoft\Windows\Start Menu\Programs\Python 3.8;C:\Users\qsmit\AppData\Local\Programs\Microsoft VS Code\bin;C:\Users\qsmit\anaconda3;C:\Users\qsmit\anaconda3\Scripts;C:\Users\qsmit\AppData\Roaming\Python\Python39\Scripts;C:\Users\qsmit\.dotnet\tools;C:\Users\qsmit\AppData\Roaming\npm;C:\Program Files\Git\usr\bin\vendor_perl;C:\Program Files\Git\usr\bin\core_perl

Yarn version: 
  1.22.17

Node version: 
  16.16.0

Platform: 
  win32 x64

Trace: 
  Error: connect ECONNABORTED 104.16.16.35:443
      at TCPConnectWrap.afterConnect [as oncomplete] (node:net:1187:16)

npm manifest: 
  {
    "name": "web-scraper",
    "version": "1.0.0",
    "main": "index.js",
    "license": "MIT",
    "devDependencies": {
      "typescript": "^4.7.4"
    }
  }

yarn manifest: 
  No manifest

Lockfile: 
  # THIS IS AN AUTOGENERATED FILE. DO NOT EDIT THIS FILE DIRECTLY.
  # yarn lockfile v1
  
  
  typescript@^4.7.4:
    version "4.7.4"
    resolved "https://registry.yarnpkg.com/typescript/-/typescript-4.7.4.tgz#1a88596d1cf47d59507a1bcdfb5b9dfe4d488235"
    integrity sha512-C0WQT0gezHuw6AdY1M2jxUO83Rjf0HP7Sk1DtXj6j1EwkQNZrHAg2XPWlq62oqEhYvONq5pkC2Y9oPljWToLmQ==
